[INFO   ] Starting gmx_MMPBSA v1.5.6
[DEBUG  ] WDIR          : /home/zm/GMX_MMPBSA/HRDMYDD_model_1/200perresidue
[DEBUG  ] AMBERHOME     : /home/zm/anaconda3/envs/gmxMMPBSA
[DEBUG  ] PYTHON EXE    : /home/zm/anaconda3/envs/gmxMMPBSA/bin/python
[DEBUG  ] PYTHON VERSION: 3.9.15 | packaged by conda-forge | (main, Nov 22 2022, 08:45:29) [GCC 10.4.0]
[DEBUG  ] MPI           : /home/zm/anaconda3/envs/gmxMMPBSA/bin/mpirun
[DEBUG  ] ParmEd        : 0+unknown
[DEBUG  ] OS PLATFORM   : Linux-4.18.0-373.el8.x86_64-x86_64-with-glibc2.28
[DEBUG  ] OS SYSTEM     : Linux
[DEBUG  ] OS VERSION    : #1 SMP Tue Mar 22 15:11:47 UTC 2022
[DEBUG  ] OS PROCESSOR  : x86_64

[INFO   ] Command-line
  gmx_MMPBSA -O -i mmpbsa.in -cs gromacs.pdb -ct traj.xtc -ci index.ndx -cg 10 11 -cp gromacs.top -o FINAL_RESULTS_MMPBSA.dat -eo FINAL_RESULTS_MMPBSA.csv -do FINAL_DECOMP_MMPBSA.dat -deo FINAL_DECOMP_MMPBSA.csv

[DEBUG  ] |Input file:
[DEBUG  ] |--------------------------------------------------------------
[DEBUG  ] |Input file generated by gmx_MMPBSA (v1.5.0.3)
[DEBUG  ] |Be careful with the variables you modify, some can have severe consequences on the results you obtain.
[DEBUG  ] |
[DEBUG  ] |# General namelist variables
[DEBUG  ] |&general
[DEBUG  ] |  sys_name             = ""                                             # System name
[DEBUG  ] |  startframe           = 1                                              # FIRST FRAME TO ANALYZE
[DEBUG  ] |  endframe             = 10000                                          # LAST FRAME TO ANALYZE
[DEBUG  ] |  interval             = 51                                            # Number of frames between adjacent frames analyzed
[DEBUG  ] |  forcefields          = "oldff/leaprc.ff99SB,leaprc.gaff"           # Define the force field to build the Amber topology (IGNORED SINCE WE ARE DEFINING THE TOPOLOGY)
[DEBUG  ] |  ions_parameters      = 1                                              # Define ions parameters to build the Amber topology
[DEBUG  ] |  PBRadii              = 3                                              # Define PBRadii to build amber topology from GROMACS files
[DEBUG  ] |  temperature          = 298.15                                         # Temperature
[DEBUG  ] |  qh_entropy           = 0                                              # Do quasi-harmonic calculation
[DEBUG  ] |  interaction_entropy  = 0                                              # Do Interaction Entropy calculation
[DEBUG  ] |  ie_segment           = 25                                             # Trajectory segment to calculate interaction entropy
[DEBUG  ] |  c2_entropy           = 0                                              # Do C2 Entropy calculation
[DEBUG  ] |  assign_chainID       = 1                                           # ASSIGN CHAINS ID
[DEBUG  ] |  exp_ki               = 0.0                                            # Experimental Ki in nM
[DEBUG  ] |  full_traj            = 0                                              # Print a full traj. AND the thread trajectories
[DEBUG  ] |  gmx_path             = ""                                             # Force to use this path to get GROMACS executable
[DEBUG  ] |  keep_files           = 2                                              # How many files to keep after successful completion
[DEBUG  ] |  netcdf               = 0                                              # Use NetCDF intermediate trajectories
[DEBUG  ] |  solvated_trajectory  = 1                                              # Define if it is necessary to cleanup the trajectories
[DEBUG  ] |  verbose              = 1                                              # How many energy terms to print in the final output
[DEBUG  ] |/
[DEBUG  ] |
[DEBUG  ] |# (AMBER) Generalized-Born namelist variables
[DEBUG  ] |&gb
[DEBUG  ] |  igb                  = 5                                              # GB model to use
[DEBUG  ] |  intdiel              = 4.0                                            # Internal dielectric constant for sander
[DEBUG  ] |  extdiel              = 78.5                                           # External dielectric constant for sander
[DEBUG  ] |  saltcon              = 0.15                                        # SALT CONCENTRATION (M)
[DEBUG  ] |  surften              = 0.0072                                         # Surface tension
[DEBUG  ] |  surfoff              = 0.0                                            # Surface tension offset
[DEBUG  ] |  molsurf              = 0                                              # Use Connelly surface ('molsurf' program)
[DEBUG  ] |  msoffset             = 0.0                                            # Offset for molsurf calculation
[DEBUG  ] |  probe                = 1.4                                            # Solvent probe radius for surface area calc
[DEBUG  ] |  ifqnt                = 0                                              # Use QM on part of the system
[DEBUG  ] |  qm_theory            = ""                                             # Semi-empirical QM theory to use
[DEBUG  ] |  qm_residues          = ""                                             # Residues to treat with QM
[DEBUG  ] |  qmcharge_com         = 0                                              # Charge of QM region in complex
[DEBUG  ] |  qmcharge_lig         = 0                                              # Charge of QM region in ligand
[DEBUG  ] |  qmcharge_rec         = 0                                              # Charge of QM region in receptor
[DEBUG  ] |  qmcut                = 9999.0                                         # Cutoff in the QM region
[DEBUG  ] |/
[DEBUG  ] |
[DEBUG  ] |# (AMBER) Poisson-Boltzmann namelist variables
[DEBUG  ] |&pb
[DEBUG  ] |  istrng               = 0.15
[DEBUG  ] |  indi                 = 4.0
[DEBUG  ] |  fillratio            = 4.0
[DEBUG  ] |  radiopt              = 0
[DEBUG  ] |/
[DEBUG  ] |
[DEBUG  ] |#(AMBER) Poss namelist variables
[DEBUG  ] |&decomp
[DEBUG  ] |  idecomp              = 2
[DEBUG  ] |  dec_verbose          = 3
[DEBUG  ] |  print_res            = "within 100"
[DEBUG  ] |/
[DEBUG  ] |
[DEBUG  ] |--------------------------------------------------------------
[DEBUG  ] 
[INFO   ] Checking mmpbsa.in input file...
[INFO   ] Checking mmpbsa.in input file...Done.

[INFO   ] Checking external programs...
[INFO   ] cpptraj found! Using /home/zm/anaconda3/envs/gmxMMPBSA/bin/cpptraj
[INFO   ] tleap found! Using /home/zm/anaconda3/envs/gmxMMPBSA/bin/tleap
[INFO   ] parmchk2 found! Using /home/zm/anaconda3/envs/gmxMMPBSA/bin/parmchk2
[INFO   ] sander found! Using /home/zm/anaconda3/envs/gmxMMPBSA/bin/sander
[INFO   ] Using GROMACS version > 5.x.x!
[INFO   ] gmx found! Using /home/zm/anaconda3/envs/gmxMMPBSA/bin.AVX2_256/gmx
[INFO   ] Checking external programs...Done.

[INFO   ] Building AMBER topologies from GROMACS files...
[INFO   ] Get PDB files from GROMACS structures files...
[INFO   ] Making gmx_MMPBSA index for complex...
[DEBUG  ] Running command: echo name 10 GMXMMPBSA_REC\n name 11 GMXMMPBSA_LIG\n  10 | 11\n q\n | /home/zm/anaconda3/envs/gmxMMPBSA/bin.AVX2_256/gmx make_ndx -n index.ndx -o _GMXMMPBSA_COM_index.ndx
[DEBUG  ]                 :-) GROMACS - gmx make_ndx, 2021.3-bioconda (-:
[DEBUG  ] 
[DEBUG  ]                             GROMACS is written by:
[DEBUG  ]      Andrey Alekseenko              Emile Apol              Rossen Apostolov     
[DEBUG  ]          Paul Bauer           Herman J.C. Berendsen           Par Bjelkmar       
[DEBUG  ]        Christian Blau           Viacheslav Bolnykh             Kevin Boyd        
[DEBUG  ]      Aldert van Buuren           Rudi van Drunen             Anton Feenstra      
[DEBUG  ]     Gilles Gouaillardet             Alan Gray               Gerrit Groenhof      
[DEBUG  ]        Anca Hamuraru            Vincent Hindriksen          M. Eric Irrgang      
[DEBUG  ]       Aleksei Iupinov           Christoph Junghans             Joe Jordan        
[DEBUG  ]     Dimitrios Karkoulis            Peter Kasson                Jiri Kraus        
[DEBUG  ]       Carsten Kutzner              Per Larsson              Justin A. Lemkul     
[DEBUG  ]        Viveca Lindahl            Magnus Lundborg             Erik Marklund       
[DEBUG  ]         Pascal Merz             Pieter Meulenhoff            Teemu Murtola       
[DEBUG  ]         Szilard Pall               Sander Pronk              Roland Schulz       
[DEBUG  ]        Michael Shirts            Alexey Shvetsov             Alfons Sijbers      
[DEBUG  ]        Peter Tieleman              Jon Vincent              Teemu Virolainen     
[DEBUG  ]      Christian Wennberg            Maarten Wolf              Artem Zhmurov       
[DEBUG  ]                            and the project leaders:
[DEBUG  ]         Mark Abraham, Berk Hess, Erik Lindahl, and David van der Spoel
[DEBUG  ] 
[DEBUG  ] Copyright (c) 1991-2000, University of Groningen, The Netherlands.
[DEBUG  ] Copyright (c) 2001-2019, The GROMACS development team at
[DEBUG  ] Uppsala University, Stockholm University and
[DEBUG  ] the Royal Institute of Technology, Sweden.
[DEBUG  ] check out http://www.gromacs.org for more information.
[DEBUG  ] 
[DEBUG  ] GROMACS is free software; you can redistribute it and/or modify it
[DEBUG  ] under the terms of the GNU Lesser General Public License
[DEBUG  ] as published by the Free Software Foundation; either version 2.1
[DEBUG  ] of the License, or (at your option) any later version.
[DEBUG  ] 
[DEBUG  ] GROMACS:      gmx make_ndx, version 2021.3-bioconda
[DEBUG  ] Executable:   /home/zm/anaconda3/envs/gmxMMPBSA/bin.AVX2_256/gmx
[DEBUG  ] Data prefix:  /home/zm/anaconda3/envs/gmxMMPBSA
[DEBUG  ] Working dir:  /home/zm/GMX_MMPBSA/HRDMYDD_model_1/200perresidue
[DEBUG  ] Command line:
[DEBUG  ]   gmx make_ndx -n index.ndx -o _GMXMMPBSA_COM_index.ndx
[DEBUG  ] 
[DEBUG  ] 
[DEBUG  ] GROMACS reminds you: "If I have not seen as far as others, it is because giants were standing on my shoulders." (Hal Abelson)
[DEBUG  ] 
[DEBUG  ] Going to read 1 old index file(s)
[DEBUG  ] Counted atom numbers up to 3489 in index file
[DEBUG  ] 
[DEBUG  ]   0 System              :  3489 atoms
[DEBUG  ]   1 Protein             :  3489 atoms
[DEBUG  ]   2 Protein-H           :  1753 atoms
[DEBUG  ]   3 C-alpha             :   221 atoms
[DEBUG  ]   4 Backbone            :   663 atoms
[DEBUG  ]   5 MainChain           :   882 atoms
[DEBUG  ]   6 MainChain+Cb        :  1088 atoms
[DEBUG  ]   7 MainChain+H         :  1097 atoms
[DEBUG  ]   8 SideChain           :  2392 atoms
[DEBUG  ]   9 SideChain-H         :   871 atoms
[DEBUG  ]  10 a_1-3371            :  3371 atoms
[DEBUG  ]  11 a_3372-3489         :   118 atoms
[DEBUG  ] 
[DEBUG  ]  nr : group      '!': not  'name' nr name   'splitch' nr    Enter: list groups
[DEBUG  ]  'a': atom       '&': and  'del' nr         'splitres' nr   'l': list residues
[DEBUG  ]  't': atom type  '|': or   'keep' nr        'splitat' nr    'h': help
[DEBUG  ]  'r': residue              'res' nr         'chain' char
[DEBUG  ]  "name": group             'case': case sensitive           'q': save and quit
[DEBUG  ]  'ri': residue index
[DEBUG  ] 
[DEBUG  ] > 
[DEBUG  ] 
[DEBUG  ] > 
[DEBUG  ] 
[DEBUG  ] > 
[DEBUG  ] Copied index group 10 'GMXMMPBSA_REC'
[DEBUG  ] Copied index group 11 'GMXMMPBSA_LIG'
[DEBUG  ] Merged two groups with OR: 3371 118 -> 3489
[DEBUG  ] 
[DEBUG  ]  12 GMXMMPBSA_REC_GMXMMPBSA_LIG:  3489 atoms
[DEBUG  ] 
[DEBUG  ] > 
[INFO   ] Normal Complex: Saving group 10_11 in _GMXMMPBSA_COM_index.ndx file as _GMXMMPBSA_COM.pdb
[DEBUG  ] Running command: echo GMXMMPBSA_REC_GMXMMPBSA_LIG | /home/zm/anaconda3/envs/gmxMMPBSA/bin.AVX2_256/gmx editconf -f gromacs.pdb -n _GMXMMPBSA_COM_index.ndx -o _GMXMMPBSA_COM.pdb
[DEBUG  ]                 :-) GROMACS - gmx editconf, 2021.3-bioconda (-:
[DEBUG  ] 
[DEBUG  ]                             GROMACS is written by:
[DEBUG  ]      Andrey Alekseenko              Emile Apol              Rossen Apostolov     
[DEBUG  ]          Paul Bauer           Herman J.C. Berendsen           Par Bjelkmar       
[DEBUG  ]        Christian Blau           Viacheslav Bolnykh             Kevin Boyd        
[DEBUG  ]      Aldert van Buuren           Rudi van Drunen             Anton Feenstra      
[DEBUG  ]     Gilles Gouaillardet             Alan Gray               Gerrit Groenhof      
[DEBUG  ]        Anca Hamuraru            Vincent Hindriksen          M. Eric Irrgang      
[DEBUG  ]       Aleksei Iupinov           Christoph Junghans             Joe Jordan        
[DEBUG  ]     Dimitrios Karkoulis            Peter Kasson                Jiri Kraus        
[DEBUG  ]       Carsten Kutzner              Per Larsson              Justin A. Lemkul     
[DEBUG  ]        Viveca Lindahl            Magnus Lundborg             Erik Marklund       
[DEBUG  ]         Pascal Merz             Pieter Meulenhoff            Teemu Murtola       
[DEBUG  ]         Szilard Pall               Sander Pronk              Roland Schulz       
[DEBUG  ]        Michael Shirts            Alexey Shvetsov             Alfons Sijbers      
[DEBUG  ]        Peter Tieleman              Jon Vincent              Teemu Virolainen     
[DEBUG  ]      Christian Wennberg            Maarten Wolf              Artem Zhmurov       
[DEBUG  ]                            and the project leaders:
[DEBUG  ]         Mark Abraham, Berk Hess, Erik Lindahl, and David van der Spoel
[DEBUG  ] 
[DEBUG  ] Copyright (c) 1991-2000, University of Groningen, The Netherlands.
[DEBUG  ] Copyright (c) 2001-2019, The GROMACS development team at
[DEBUG  ] Uppsala University, Stockholm University and
[DEBUG  ] the Royal Institute of Technology, Sweden.
[DEBUG  ] check out http://www.gromacs.org for more information.
[DEBUG  ] 
[DEBUG  ] GROMACS is free software; you can redistribute it and/or modify it
[DEBUG  ] under the terms of the GNU Lesser General Public License
[DEBUG  ] as published by the Free Software Foundation; either version 2.1
[DEBUG  ] of the License, or (at your option) any later version.
[DEBUG  ] 
[DEBUG  ] GROMACS:      gmx editconf, version 2021.3-bioconda
[DEBUG  ] Executable:   /home/zm/anaconda3/envs/gmxMMPBSA/bin.AVX2_256/gmx
[DEBUG  ] Data prefix:  /home/zm/anaconda3/envs/gmxMMPBSA
[DEBUG  ] Working dir:  /home/zm/GMX_MMPBSA/HRDMYDD_model_1/200perresidue
[DEBUG  ] Command line:
[DEBUG  ]   gmx editconf -f gromacs.pdb -n _GMXMMPBSA_COM_index.ndx -o _GMXMMPBSA_COM.pdb
[DEBUG  ] 
[DEBUG  ] 
[DEBUG  ] Select a group for output:
[DEBUG  ] Group     0 (         System) has  3489 elements
[DEBUG  ] Group     1 (        Protein) has  3489 elements
[DEBUG  ] Group     2 (      Protein-H) has  1753 elements
[DEBUG  ] Group     3 (        C-alpha) has   221 elements
[DEBUG  ] Group     4 (       Backbone) has   663 elements
[DEBUG  ] Group     5 (      MainChain) has   882 elements
[DEBUG  ] Group     6 (   MainChain+Cb) has  1088 elements
[DEBUG  ] Group     7 (    MainChain+H) has  1097 elements
[DEBUG  ] Group     8 (      SideChain) has  2392 elements
[DEBUG  ] Group     9 (    SideChain-H) has   871 elements
[DEBUG  ] Group    10 (  GMXMMPBSA_REC) has  3371 elements
[DEBUG  ] Group    11 (  GMXMMPBSA_LIG) has   118 elements
[DEBUG  ] Group    12 (GMXMMPBSA_REC_GMXMMPBSA_LIG) has  3489 elements
[DEBUG  ] Select a group: 
[DEBUG  ] GROMACS reminds you: "If I have not seen as far as others, it is because giants were standing on my shoulders." (Hal Abelson)
[DEBUG  ] 
[DEBUG  ] Note that major changes are planned in future for editconf, to improve usability and utility.
[DEBUG  ] Read 3489 atoms
[DEBUG  ] Volume: 342.603 nm^3, corresponds to roughly 154100 electrons
[DEBUG  ] No velocities found
[DEBUG  ] Selected 12: 'GMXMMPBSA_REC_GMXMMPBSA_LIG'
[INFO   ] No receptor structure file was defined. Using ST approach...
[INFO   ] Using receptor structure from complex to generate AMBER topology
[INFO   ] Normal Receptor: Saving group 10 in _GMXMMPBSA_COM_index.ndx file as _GMXMMPBSA_REC.pdb
[DEBUG  ] Running command: echo 10 | /home/zm/anaconda3/envs/gmxMMPBSA/bin.AVX2_256/gmx editconf -f gromacs.pdb -n _GMXMMPBSA_COM_index.ndx -o _GMXMMPBSA_REC.pdb
[DEBUG  ]                 :-) GROMACS - gmx editconf, 2021.3-bioconda (-:
[DEBUG  ] 
[DEBUG  ]                             GROMACS is written by:
[DEBUG  ]      Andrey Alekseenko              Emile Apol              Rossen Apostolov     
[DEBUG  ]          Paul Bauer           Herman J.C. Berendsen           Par Bjelkmar       
[DEBUG  ]        Christian Blau           Viacheslav Bolnykh             Kevin Boyd        
[DEBUG  ]      Aldert van Buuren           Rudi van Drunen             Anton Feenstra      
[DEBUG  ]     Gilles Gouaillardet             Alan Gray               Gerrit Groenhof      
[DEBUG  ]        Anca Hamuraru            Vincent Hindriksen          M. Eric Irrgang      
[DEBUG  ]       Aleksei Iupinov           Christoph Junghans             Joe Jordan        
[DEBUG  ]     Dimitrios Karkoulis            Peter Kasson                Jiri Kraus        
[DEBUG  ]       Carsten Kutzner              Per Larsson              Justin A. Lemkul     
[DEBUG  ]        Viveca Lindahl            Magnus Lundborg             Erik Marklund       
[DEBUG  ]         Pascal Merz             Pieter Meulenhoff            Teemu Murtola       
[DEBUG  ]         Szilard Pall               Sander Pronk              Roland Schulz       
[DEBUG  ]        Michael Shirts            Alexey Shvetsov             Alfons Sijbers      
[DEBUG  ]        Peter Tieleman              Jon Vincent              Teemu Virolainen     
[DEBUG  ]      Christian Wennberg            Maarten Wolf              Artem Zhmurov       
[DEBUG  ]                            and the project leaders:
[DEBUG  ]         Mark Abraham, Berk Hess, Erik Lindahl, and David van der Spoel
[DEBUG  ] 
[DEBUG  ] Copyright (c) 1991-2000, University of Groningen, The Netherlands.
[DEBUG  ] Copyright (c) 2001-2019, The GROMACS development team at
[DEBUG  ] Uppsala University, Stockholm University and
[DEBUG  ] the Royal Institute of Technology, Sweden.
[DEBUG  ] check out http://www.gromacs.org for more information.
[DEBUG  ] 
[DEBUG  ] GROMACS is free software; you can redistribute it and/or modify it
[DEBUG  ] under the terms of the GNU Lesser General Public License
[DEBUG  ] as published by the Free Software Foundation; either version 2.1
[DEBUG  ] of the License, or (at your option) any later version.
[DEBUG  ] 
[DEBUG  ] GROMACS:      gmx editconf, version 2021.3-bioconda
[DEBUG  ] Executable:   /home/zm/anaconda3/envs/gmxMMPBSA/bin.AVX2_256/gmx
[DEBUG  ] Data prefix:  /home/zm/anaconda3/envs/gmxMMPBSA
[DEBUG  ] Working dir:  /home/zm/GMX_MMPBSA/HRDMYDD_model_1/200perresidue
[DEBUG  ] Command line:
[DEBUG  ]   gmx editconf -f gromacs.pdb -n _GMXMMPBSA_COM_index.ndx -o _GMXMMPBSA_REC.pdb
[DEBUG  ] 
[DEBUG  ] 
[DEBUG  ] Select a group for output:
[DEBUG  ] Group     0 (         System) has  3489 elements
[DEBUG  ] Group     1 (        Protein) has  3489 elements
[DEBUG  ] Group     2 (      Protein-H) has  1753 elements
[DEBUG  ] Group     3 (        C-alpha) has   221 elements
[DEBUG  ] Group     4 (       Backbone) has   663 elements
[DEBUG  ] Group     5 (      MainChain) has   882 elements
[DEBUG  ] Group     6 (   MainChain+Cb) has  1088 elements
[DEBUG  ] Group     7 (    MainChain+H) has  1097 elements
[DEBUG  ] Group     8 (      SideChain) has  2392 elements
[DEBUG  ] Group     9 (    SideChain-H) has   871 elements
[DEBUG  ] Group    10 (  GMXMMPBSA_REC) has  3371 elements
[DEBUG  ] Group    11 (  GMXMMPBSA_LIG) has   118 elements
[DEBUG  ] Group    12 (GMXMMPBSA_REC_GMXMMPBSA_LIG) has  3489 elements
[DEBUG  ] Select a group: 
[DEBUG  ] GROMACS reminds you: "If I have not seen as far as others, it is because giants were standing on my shoulders." (Hal Abelson)
[DEBUG  ] 
[DEBUG  ] Note that major changes are planned in future for editconf, to improve usability and utility.
[DEBUG  ] Read 3489 atoms
[DEBUG  ] Volume: 342.603 nm^3, corresponds to roughly 154100 electrons
[DEBUG  ] No velocities found
[DEBUG  ] Selected 10: 'GMXMMPBSA_REC'
[INFO   ] No ligand structure file was defined. Using ST approach...
[INFO   ] Using ligand structure from complex to generate AMBER topology
[INFO   ] Normal Ligand: Saving group 11 in _GMXMMPBSA_COM_index.ndx file as _GMXMMPBSA_LIG.pdb
[DEBUG  ] Running command: echo 11 | /home/zm/anaconda3/envs/gmxMMPBSA/bin.AVX2_256/gmx editconf -f gromacs.pdb -n _GMXMMPBSA_COM_index.ndx -o _GMXMMPBSA_LIG.pdb
[DEBUG  ]                 :-) GROMACS - gmx editconf, 2021.3-bioconda (-:
[DEBUG  ] 
[DEBUG  ]                             GROMACS is written by:
[DEBUG  ]      Andrey Alekseenko              Emile Apol              Rossen Apostolov     
[DEBUG  ]          Paul Bauer           Herman J.C. Berendsen           Par Bjelkmar       
[DEBUG  ]        Christian Blau           Viacheslav Bolnykh             Kevin Boyd        
[DEBUG  ]      Aldert van Buuren           Rudi van Drunen             Anton Feenstra      
[DEBUG  ]     Gilles Gouaillardet             Alan Gray               Gerrit Groenhof      
[DEBUG  ]        Anca Hamuraru            Vincent Hindriksen          M. Eric Irrgang      
[DEBUG  ]       Aleksei Iupinov           Christoph Junghans             Joe Jordan        
[DEBUG  ]     Dimitrios Karkoulis            Peter Kasson                Jiri Kraus        
[DEBUG  ]       Carsten Kutzner              Per Larsson              Justin A. Lemkul     
[DEBUG  ]        Viveca Lindahl            Magnus Lundborg             Erik Marklund       
[DEBUG  ]         Pascal Merz             Pieter Meulenhoff            Teemu Murtola       
[DEBUG  ]         Szilard Pall               Sander Pronk              Roland Schulz       
[DEBUG  ]        Michael Shirts            Alexey Shvetsov             Alfons Sijbers      
[DEBUG  ]        Peter Tieleman              Jon Vincent              Teemu Virolainen     
[DEBUG  ]      Christian Wennberg            Maarten Wolf              Artem Zhmurov       
[DEBUG  ]                            and the project leaders:
[DEBUG  ]         Mark Abraham, Berk Hess, Erik Lindahl, and David van der Spoel
[DEBUG  ] 
[DEBUG  ] Copyright (c) 1991-2000, University of Groningen, The Netherlands.
[DEBUG  ] Copyright (c) 2001-2019, The GROMACS development team at
[DEBUG  ] Uppsala University, Stockholm University and
[DEBUG  ] the Royal Institute of Technology, Sweden.
[DEBUG  ] check out http://www.gromacs.org for more information.
[DEBUG  ] 
[DEBUG  ] GROMACS is free software; you can redistribute it and/or modify it
[DEBUG  ] under the terms of the GNU Lesser General Public License
[DEBUG  ] as published by the Free Software Foundation; either version 2.1
[DEBUG  ] of the License, or (at your option) any later version.
[DEBUG  ] 
[DEBUG  ] GROMACS:      gmx editconf, version 2021.3-bioconda
[DEBUG  ] Executable:   /home/zm/anaconda3/envs/gmxMMPBSA/bin.AVX2_256/gmx
[DEBUG  ] Data prefix:  /home/zm/anaconda3/envs/gmxMMPBSA
[DEBUG  ] Working dir:  /home/zm/GMX_MMPBSA/HRDMYDD_model_1/200perresidue
[DEBUG  ] Command line:
[DEBUG  ]   gmx editconf -f gromacs.pdb -n _GMXMMPBSA_COM_index.ndx -o _GMXMMPBSA_LIG.pdb
[DEBUG  ] 
[DEBUG  ] 
[DEBUG  ] Select a group for output:
[DEBUG  ] Group     0 (         System) has  3489 elements
[DEBUG  ] Group     1 (        Protein) has  3489 elements
[DEBUG  ] Group     2 (      Protein-H) has  1753 elements
[DEBUG  ] Group     3 (        C-alpha) has   221 elements
[DEBUG  ] Group     4 (       Backbone) has   663 elements
[DEBUG  ] Group     5 (      MainChain) has   882 elements
[DEBUG  ] Group     6 (   MainChain+Cb) has  1088 elements
[DEBUG  ] Group     7 (    MainChain+H) has  1097 elements
[DEBUG  ] Group     8 (      SideChain) has  2392 elements
[DEBUG  ] Group     9 (    SideChain-H) has   871 elements
[DEBUG  ] Group    10 (  GMXMMPBSA_REC) has  3371 elements
[DEBUG  ] Group    11 (  GMXMMPBSA_LIG) has   118 elements
[DEBUG  ] Group    12 (GMXMMPBSA_REC_GMXMMPBSA_LIG) has  3489 elements
[DEBUG  ] Select a group: 
[DEBUG  ] GROMACS reminds you: "If I have not seen as far as others, it is because giants were standing on my shoulders." (Hal Abelson)
[DEBUG  ] 
[DEBUG  ] Note that major changes are planned in future for editconf, to improve usability and utility.
[DEBUG  ] Read 3489 atoms
[DEBUG  ] Volume: 342.603 nm^3, corresponds to roughly 154100 electrons
[DEBUG  ] No velocities found
[DEBUG  ] Selected 11: 'GMXMMPBSA_LIG'
[INFO   ] Checking the structures consistency...
[INFO   ] Chains ID not found. Assigning chains IDs...
[INFO   ] 
[INFO   ] Using topology conversion. Setting radiopt = 0...
[INFO   ] Building Normal Complex Amber topology...
[INFO   ] Detected CHARMM force field topology format...
[INFO   ] Assigning PBRadii mbondi2 to Complex...
[INFO   ] Writing Normal Complex AMBER topology...
[INFO   ] No Receptor topology file was defined. Using ST approach...
[INFO   ] Building AMBER Receptor topology from Complex...
[INFO   ] Assigning PBRadii mbondi2 to Receptor...
[INFO   ] Writing Normal Receptor AMBER topology...
[INFO   ] No Ligand topology file was defined. Using ST approach...
[INFO   ] Building AMBER Ligand topology from Complex...
[INFO   ] Assigning PBRadii mbondi2 to Ligand...
[INFO   ] Writing Normal Ligand AMBER topology...
[INFO   ] Selecting residues by distance (100 Å) between receptor and ligand for decomposition analysis...
[INFO   ] Selected 221 residues:
R::PRO:11   R::MET:12   R::GLU:13   R::GLU:14   R::GLU:15   R::GLU:16   R::VAL:17   R::GLU:18   R::THR:19   R::PHE:20
R::ALA:21   R::PHE:22   R::GLN:23   R::ALA:24   R::GLU:25   R::ILE:26   R::ALA:27   R::GLN:28   R::LEU:29   R::MET:30
R::SER:31   R::LEU:32   R::ILE:33   R::ILE:34   R::ASN:35   R::THR:36   R::PHE:37   R::TYR:38   R::SER:39   R::ASN:40
R::LYS:41   R::GLU:42   R::ILE:43   R::PHE:44   R::LEU:45   R::ARG:46   R::GLU:47   R::LEU:48   R::ILE:49   R::SER:50
R::ASN:51   R::SER:52   R::SER:53   R::ASP:54   R::ALA:55   R::LEU:56   R::ASP:57   R::LYS:58   R::ILE:59   R::ARG:60
R::TYR:61   R::GLU:62   R::SER:63   R::LEU:64   R::THR:65   R::ASP:66   R::PRO:67   R::SER:68   R::LYS:69   R::LEU:70
R::ASP:71   R::SER:72   R::GLY:73   R::LYS:74   R::GLU:75   R::LEU:76   R::HSD:77   R::ILE:78   R::ASN:79   R::LEU:80
R::ILE:81   R::PRO:82   R::ASN:83   R::LYS:84   R::GLN:85   R::ASP:86   R::ARG:87   R::THR:88   R::LEU:89   R::THR:90
R::ILE:91   R::VAL:92   R::ASP:93   R::THR:94   R::GLY:95   R::ILE:96   R::GLY:97   R::MET:98   R::THR:99   R::LYS:100
R::ALA:101  R::ASP:102  R::LEU:103  R::ILE:104  R::ASN:105  R::ASN:106  R::LEU:107  R::GLY:108  R::THR:109  R::ILE:110
R::ALA:111  R::LYS:112  R::SER:113  R::GLY:114  R::THR:115  R::LYS:116  R::ALA:117  R::PHE:118  R::MET:119  R::GLU:120
R::ALA:121  R::LEU:122  R::GLN:123  R::ALA:124  R::GLY:125  R::ALA:126  R::ASP:127  R::ILE:128  R::SER:129  R::MET:130
R::ILE:131  R::GLY:132  R::GLN:133  R::PHE:134  R::GLY:135  R::VAL:136  R::GLY:137  R::PHE:138  R::TYR:139  R::SER:140
R::ALA:141  R::TYR:142  R::LEU:143  R::VAL:144  R::ALA:145  R::GLU:146  R::LYS:147  R::VAL:148  R::THR:149  R::VAL:150
R::ILE:151  R::THR:152  R::LYS:153  R::HSD:154  R::ASN:155  R::ASP:156  R::ASP:157  R::GLU:158  R::GLN:159  R::TYR:160
R::ALA:161  R::TRP:162  R::GLU:163  R::SER:164  R::SER:165  R::ALA:166  R::GLY:167  R::GLY:168  R::SER:169  R::PHE:170
R::THR:171  R::VAL:172  R::ARG:173  R::THR:174  R::ASP:175  R::THR:176  R::GLY:177  R::GLU:178  R::PRO:179  R::MET:180
R::GLY:181  R::ARG:182  R::GLY:183  R::THR:184  R::LYS:185  R::VAL:186  R::ILE:187  R::LEU:188  R::HSD:189  R::LEU:190
R::LYS:191  R::GLU:192  R::ASP:193  R::GLN:194  R::THR:195  R::GLU:196  R::TYR:197  R::LEU:198  R::GLU:199  R::GLU:200
R::ARG:201  R::ARG:202  R::ILE:203  R::LYS:204  R::GLU:205  R::ILE:206  R::VAL:207  R::LYS:208  R::LYS:209  R::HSD:210
R::SER:211  R::GLN:212  R::PHE:213  R::ILE:214  R::GLY:215  R::TYR:216  R::PRO:217  R::ILE:218  R::THR:219  R::LEU:220
R::PHE:221  R::VAL:222  R::GLU:223  R::LYS:224  L::HSE:1    L::ARG:2    L::ASP:3    L::MET:4    L::TYR:5    L::ASP:6
L::ASP:7

[INFO   ] Cleaning normal complex trajectories...
[DEBUG  ] Running command: echo GMXMMPBSA_REC_GMXMMPBSA_LIG | /home/zm/anaconda3/envs/gmxMMPBSA/bin.AVX2_256/gmx trjconv -f traj.xtc -s gromacs.pdb -o COM_traj_0.xtc -n _GMXMMPBSA_COM_index.ndx
[DEBUG  ]                  :-) GROMACS - gmx trjconv, 2021.3-bioconda (-:
[DEBUG  ] 
[DEBUG  ]                             GROMACS is written by:
[DEBUG  ]      Andrey Alekseenko              Emile Apol              Rossen Apostolov     
[DEBUG  ]          Paul Bauer           Herman J.C. Berendsen           Par Bjelkmar       
[DEBUG  ]        Christian Blau           Viacheslav Bolnykh             Kevin Boyd        
[DEBUG  ]      Aldert van Buuren           Rudi van Drunen             Anton Feenstra      
[DEBUG  ]     Gilles Gouaillardet             Alan Gray               Gerrit Groenhof      
[DEBUG  ]        Anca Hamuraru            Vincent Hindriksen          M. Eric Irrgang      
[DEBUG  ]       Aleksei Iupinov           Christoph Junghans             Joe Jordan        
[DEBUG  ]     Dimitrios Karkoulis            Peter Kasson                Jiri Kraus        
[DEBUG  ]       Carsten Kutzner              Per Larsson              Justin A. Lemkul     
[DEBUG  ]        Viveca Lindahl            Magnus Lundborg             Erik Marklund       
[DEBUG  ]         Pascal Merz             Pieter Meulenhoff            Teemu Murtola       
[DEBUG  ]         Szilard Pall               Sander Pronk              Roland Schulz       
[DEBUG  ]        Michael Shirts            Alexey Shvetsov             Alfons Sijbers      
[DEBUG  ]        Peter Tieleman              Jon Vincent              Teemu Virolainen     
[DEBUG  ]      Christian Wennberg            Maarten Wolf              Artem Zhmurov       
[DEBUG  ]                            and the project leaders:
[DEBUG  ]         Mark Abraham, Berk Hess, Erik Lindahl, and David van der Spoel
[DEBUG  ] 
[DEBUG  ] Copyright (c) 1991-2000, University of Groningen, The Netherlands.
[DEBUG  ] Copyright (c) 2001-2019, The GROMACS development team at
[DEBUG  ] Uppsala University, Stockholm University and
[DEBUG  ] the Royal Institute of Technology, Sweden.
[DEBUG  ] check out http://www.gromacs.org for more information.
[DEBUG  ] 
[DEBUG  ] GROMACS is free software; you can redistribute it and/or modify it
[DEBUG  ] under the terms of the GNU Lesser General Public License
[DEBUG  ] as published by the Free Software Foundation; either version 2.1
[DEBUG  ] of the License, or (at your option) any later version.
[DEBUG  ] 
[DEBUG  ] GROMACS:      gmx trjconv, version 2021.3-bioconda
[DEBUG  ] Executable:   /home/zm/anaconda3/envs/gmxMMPBSA/bin.AVX2_256/gmx
[DEBUG  ] Data prefix:  /home/zm/anaconda3/envs/gmxMMPBSA
[DEBUG  ] Working dir:  /home/zm/GMX_MMPBSA/HRDMYDD_model_1/200perresidue
[DEBUG  ] Command line:
[DEBUG  ]   gmx trjconv -f traj.xtc -s gromacs.pdb -o COM_traj_0.xtc -n _GMXMMPBSA_COM_index.ndx
[DEBUG  ] 
[DEBUG  ] Will write xtc: Compressed trajectory (portable xdr format): xtc
[DEBUG  ] Group     0 (         System) has  3489 elements
[DEBUG  ] Group     1 (        Protein) has  3489 elements
[DEBUG  ] Group     2 (      Protein-H) has  1753 elements
[DEBUG  ] Group     3 (        C-alpha) has   221 elements
[DEBUG  ] Group     4 (       Backbone) has   663 elements
[DEBUG  ] Group     5 (      MainChain) has   882 elements
[DEBUG  ] Group     6 (   MainChain+Cb) has  1088 elements
[DEBUG  ] Group     7 (    MainChain+H) has  1097 elements
[DEBUG  ] Group     8 (      SideChain) has  2392 elements
[DEBUG  ] Group     9 (    SideChain-H) has   871 elements
[DEBUG  ] Group    10 (  GMXMMPBSA_REC) has  3371 elements
[DEBUG  ] Group    11 (  GMXMMPBSA_LIG) has   118 elements
[DEBUG  ] Group    12 (GMXMMPBSA_REC_GMXMMPBSA_LIG) has  3489 elements
[DEBUG  ] Select a group: Reading frame       0 time    0.000   
[DEBUG  ] Precision of traj.xtc is 0.001 (nm)
[DEBUG  ] Using output precision of 0.001 (nm)
[DEBUG  ] 
[DEBUG  ] 
[DEBUG  ] GROMACS reminds you: "Erwin with his psi can do / Calculations quite a few. / But one thing has not been seen / Just what psi really mean." (Felix Bloch)
[DEBUG  ] 
[DEBUG  ] Note that major changes are planned in future for trjconv, to improve usability and utility.
[DEBUG  ] Select group for output
[DEBUG  ] Selected 12: 'GMXMMPBSA_REC_GMXMMPBSA_LIG'
[INFO   ] Building AMBER topologies from GROMACS files... Done.

[INFO   ] Loading and checking parameter files for compatibility...
[INFO   ] Preparing trajectories for simulation...

[INFO   ] 197 frames were processed by cpptraj for use in calculation.
[INFO   ] Running calculations on normal system...
[INFO   ] Beginning GB calculations with /home/zm/anaconda3/envs/gmxMMPBSA/bin/sander
[INFO   ]   calculating complex contribution...
[INFO   ]   calculating receptor contribution...
[INFO   ]   calculating ligand contribution...
[INFO   ] Beginning PB calculations with /home/zm/anaconda3/envs/gmxMMPBSA/bin/sander
[INFO   ]   calculating complex contribution...
[INFO   ]   calculating receptor contribution...
[INFO   ]   calculating ligand contribution...
[INFO   ] Parsing results to output files...

[INFO   ] Timing:
[INFO   ] Total GROMACS setup time:                   0.003 hr.
[INFO   ] Total AMBER setup time:                     0.000 hr.
[INFO   ] Creating trajectories with cpptraj:         0.001 hr.
[INFO   ] Total calculation time:                     5.483 hr.
[INFO   ] Total GB calculation time:                  0.980 hr.
[INFO   ] Total PB calculation time:                  4.503 hr.
[INFO   ] Statistics calculation & output writing:    0.006 hr.
[INFO   ] Total time taken:                           5.494 hr.

[INFO   ] 
   Finalizing gmx_MMPBSA: [ERROR  ] = 0; [WARNING] = 0
   Check the gmx_MMPBSA.log file for more details...

[INFO   ] 
 Thank you for using gmx_MMPBSA. Please consider supporting gmx_MMPBSA by citing our publication:
    Valdés-Tresanco, M.S., Valdés-Tresanco, M.E., Valiente, P.A. and Moreno E. 
    gmx_MMPBSA: A New Tool to Perform End-State Free Energy Calculations with GROMACS. 
    J Chem Theory Comput., 2021, 17 (10):6281-6291. Epub 2021 Sep 29. PMID: 34586825.
    https://pubs.acs.org/doi/10.1021/acs.jctc.1c00645

Also consider citing MMPBSA.py:
    Miller III, B. R., McGee Jr., T. D., Swails, J. M. Homeyer, N. Gohlke, H. and Roitberg, A. E.
    MMPBSA.py: An Efficient Program for End-State Free Energy Calculations.
    J. Chem. Theory Comput., 2012, 8 (9) pp 3314-3321

[INFO   ] Opening gmx_MMPBSA_ana to analyze results...

[ERROR  ] Unable to start gmx_MMPBSA_ana...
[INFO   ] Finalized...
